<?xml version="1.0" encoding="UTF-8"?>
<!-- Generated by org.testng.reporters.JUnitXMLReporter -->
<testsuite ignored="0" hostname="DESKTOP-67L8E2C" failures="5" tests="7" name="Test1" time="82.993" errors="0" timestamp="2024-11-12T10:55:40 IST">
  <testcase classname="com.HrmManagement.TestCases.TC_TestCaseLogin_001" name="loginTest" time="18.652"/>
  <testcase classname="com.HrmManagement.TestCases.TC_TestCaseRegister_001" name="registerTest" time="16.916">
    <failure type="java.lang.AssertionError" message="expected [true] but found [false]">
      <![CDATA[java.lang.AssertionError: expected [true] but found [false]
at com.HrmManagement.TestCases.TC_TestCaseRegister_001.registerTest(TC_TestCaseRegister_001.java:39)
at java.base/java.util.ArrayList.forEach(ArrayList.java:1597)
... Removed 29 stack frames]]>
    </failure>
  </testcase> <!-- registerTest -->
  <testcase classname="com.HrmManagement.TestCases.TC_TestCaseLoginDDT_002" name="LoginDDTTest" time="12.95"/>
  <testcase classname="com.HrmManagement.TestCases.TC_TestCaseLoginDDT_002" name="LoginDDTTest" time="5.743">
    <failure type="java.lang.AssertionError" message="expected [true] but found [false]">
      <![CDATA[java.lang.AssertionError: expected [true] but found [false]
at com.HrmManagement.TestCases.TC_TestCaseLoginDDT_002.LoginDDTTest(TC_TestCaseLoginDDT_002.java:36)
at java.base/java.util.ArrayList.forEach(ArrayList.java:1597)
... Removed 29 stack frames]]>
    </failure>
  </testcase> <!-- LoginDDTTest -->
  <testcase classname="com.HrmManagement.TestCases.TC_TestCaseLoginDDT_002" name="LoginDDTTest" time="5.578">
    <failure type="java.lang.AssertionError" message="expected [true] but found [false]">
      <![CDATA[java.lang.AssertionError: expected [true] but found [false]
at com.HrmManagement.TestCases.TC_TestCaseLoginDDT_002.LoginDDTTest(TC_TestCaseLoginDDT_002.java:36)
at java.base/java.util.ArrayList.forEach(ArrayList.java:1597)
... Removed 29 stack frames]]>
    </failure>
  </testcase> <!-- LoginDDTTest -->
  <testcase classname="com.HrmManagement.TestCases.TC_TestCaseLoginDDT_002" name="LoginDDTTest" time="5.669">
    <failure type="java.lang.AssertionError" message="expected [true] but found [false]">
      <![CDATA[java.lang.AssertionError: expected [true] but found [false]
at com.HrmManagement.TestCases.TC_TestCaseLoginDDT_002.LoginDDTTest(TC_TestCaseLoginDDT_002.java:36)
at java.base/java.util.ArrayList.forEach(ArrayList.java:1597)
... Removed 29 stack frames]]>
    </failure>
  </testcase> <!-- LoginDDTTest -->
  <testcase classname="com.HrmManagement.TestCases.TC_TestCaseLoginDDT_002" name="LoginDDTTest" time="5.51">
    <failure type="java.lang.AssertionError" message="expected [true] but found [false]">
      <![CDATA[java.lang.AssertionError: expected [true] but found [false]
at com.HrmManagement.TestCases.TC_TestCaseLoginDDT_002.LoginDDTTest(TC_TestCaseLoginDDT_002.java:36)
at java.base/java.util.ArrayList.forEach(ArrayList.java:1597)
... Removed 29 stack frames]]>
    </failure>
  </testcase> <!-- LoginDDTTest -->
</testsuite> <!-- Test1 -->
