<?xml version="1.0" encoding="UTF-8"?>
<testng-results ignored="0" total="2" passed="2" failed="0" skipped="0">
  <reporter-output>
  </reporter-output>
  <suite started-at="2024-11-11T16:34:26 IST" name="Suite" finished-at="2024-11-11T16:35:08 IST" duration-ms="42423">
    <groups>
    </groups>
    <test started-at="2024-11-11T16:34:26 IST" name="Test1" finished-at="2024-11-11T16:35:08 IST" duration-ms="42423">
      <class name="com.HrmManagement.TestCases.TC_TestCaseLogin_001">
        <test-method is-config="true" signature="setup(java.lang.String)[pri:0, instance:com.HrmManagement.TestCases.TC_TestCaseLogin_001@6356695f]" started-at="2024-11-11T16:34:26 IST" name="setup" finished-at="2024-11-11T16:34:30 IST" duration-ms="3824" status="PASS">
          <params>
            <param index="0">
              <value>
                <![CDATA[chrome]]>
              </value>
            </param>
          </params>
          <reporter-output>
          </reporter-output>
        </test-method> <!-- setup -->
        <test-method signature="loginTest()[pri:0, instance:com.HrmManagement.TestCases.TC_TestCaseLogin_001@6356695f]" started-at="2024-11-11T16:34:30 IST" name="loginTest" finished-at="2024-11-11T16:34:49 IST" duration-ms="18383" status="PASS">
          <reporter-output>
          </reporter-output>
        </test-method> <!-- loginTest -->
        <test-method is-config="true" signature="tearDown()[pri:0, instance:com.HrmManagement.TestCases.TC_TestCaseLogin_001@6356695f]" started-at="2024-11-11T16:34:49 IST" name="tearDown" finished-at="2024-11-11T16:34:49 IST" duration-ms="440" status="PASS">
          <reporter-output>
          </reporter-output>
        </test-method> <!-- tearDown -->
      </class> <!-- com.HrmManagement.TestCases.TC_TestCaseLogin_001 -->
      <class name="com.HrmManagement.TestCases.TC_TestCaseRegister_002">
        <test-method is-config="true" signature="setup(java.lang.String)[pri:0, instance:com.HrmManagement.TestCases.TC_TestCaseRegister_002@a514af7]" started-at="2024-11-11T16:34:49 IST" name="setup" finished-at="2024-11-11T16:34:51 IST" duration-ms="1781" status="PASS">
          <params>
            <param index="0">
              <value>
                <![CDATA[chrome]]>
              </value>
            </param>
          </params>
          <reporter-output>
          </reporter-output>
        </test-method> <!-- setup -->
        <test-method signature="registerTest()[pri:0, instance:com.HrmManagement.TestCases.TC_TestCaseRegister_002@a514af7]" started-at="2024-11-11T16:34:51 IST" name="registerTest" finished-at="2024-11-11T16:35:08 IST" duration-ms="16980" status="PASS">
          <reporter-output>
          </reporter-output>
        </test-method> <!-- registerTest -->
        <test-method is-config="true" signature="tearDown()[pri:0, instance:com.HrmManagement.TestCases.TC_TestCaseRegister_002@a514af7]" started-at="2024-11-11T16:35:08 IST" name="tearDown" finished-at="2024-11-11T16:35:08 IST" duration-ms="241" status="PASS">
          <reporter-output>
          </reporter-output>
        </test-method> <!-- tearDown -->
      </class> <!-- com.HrmManagement.TestCases.TC_TestCaseRegister_002 -->
    </test> <!-- Test1 -->
  </suite> <!-- Suite -->
</testng-results>
