<?xml version="1.0" encoding="UTF-8"?>
<testsuite xmlns:xsi="http://www.w3.org/2001/XMLSchema-instance" xsi:noNamespaceSchemaLocation="https://maven.apache.org/surefire/maven-surefire-plugin/xsd/surefire-test-report-3.0.xsd" version="3.0" name="TestSuite" time="81.535" tests="7" errors="0" skipped="0" failures="4">
  <properties>
[...]
</properties>
  <testcase name="loginTest" classname="com.HrmManagement.TestCases.TC_TestCaseLogin_001" time="18.536">
    <system-out><![CDATA[2024-11-12 12:11:71 INFO  HrmManagementProject:14 - URL is opened
2024-11-12 12:11:735 INFO  HrmManagementProject:17 - enter username
2024-11-12 12:11:41 INFO  HrmManagementProject:20 - enter password
2024-11-12 12:11:368 INFO  HrmManagementProject:26 - login succesffully
2024-11-12 12:11:948 INFO  HrmManagementProject:29 - logout successfully
]]></system-out>
  </testcase>
  <testcase name="registerTest" classname="com.HrmManagement.TestCases.TC_TestCaseRegister_001" time="16.712">
    <system-out><![CDATA[2024-11-12 12:11:188 INFO  HrmManagementProject:15 - url is opened
ParaBank | Customer Created
2024-11-12 12:11:458 INFO  HrmManagementProject:39 - Registered Succesffully
]]></system-out>
  </testcase>
  <testcase name="LoginDDTTest[john, demo](1)" classname="com.HrmManagement.TestCases.TC_TestCaseLoginDDT_002" time="12.367">
    <system-out><![CDATA[2024-11-12T06:51:44.138823900Z main ERROR Log4j2 could not find a logging implementation. Please add log4j-core to the classpath. Using SimpleLogger to log to the console...
2024-11-12 12:11:251 INFO  HrmManagementProject:16 - URL is opened
2024-11-12 12:11:426 INFO  HrmManagementProject:21 - Entered the Username
2024-11-12 12:11:664 INFO  HrmManagementProject:24 - Entered the Password
2024-11-12 12:11:533 INFO  HrmManagementProject:29 - Login successfull
2024-11-12 12:11:573 INFO  HrmManagementProject:32 - Logout successfull
]]></system-out>
  </testcase>
  <testcase name="LoginDDTTest[john1, demo](2)" classname="com.HrmManagement.TestCases.TC_TestCaseLoginDDT_002" time="5.83">
    <failure message="expected [true] but found [false]" type="java.lang.AssertionError"><![CDATA[java.lang.AssertionError: expected [true] but found [false]
	at com.HrmManagement.TestCases.TC_TestCaseLoginDDT_002.LoginDDTTest(TC_TestCaseLoginDDT_002.java:36)
]]></failure>
    <system-out><![CDATA[2024-11-12 12:11:978 INFO  HrmManagementProject:16 - URL is opened
2024-11-12 12:11:130 INFO  HrmManagementProject:21 - Entered the Username
2024-11-12 12:11:249 INFO  HrmManagementProject:24 - Entered the Password
Screenshot is taken
]]></system-out>
  </testcase>
  <testcase name="LoginDDTTest[john, demo123](3)" classname="com.HrmManagement.TestCases.TC_TestCaseLoginDDT_002" time="5.664">
    <failure message="expected [true] but found [false]" type="java.lang.AssertionError"><![CDATA[java.lang.AssertionError: expected [true] but found [false]
	at com.HrmManagement.TestCases.TC_TestCaseLoginDDT_002.LoginDDTTest(TC_TestCaseLoginDDT_002.java:36)
]]></failure>
    <system-out><![CDATA[2024-11-12 12:11:868 INFO  HrmManagementProject:16 - URL is opened
2024-11-12 12:11:954 INFO  HrmManagementProject:21 - Entered the Username
2024-11-12 12:11:154 INFO  HrmManagementProject:24 - Entered the Password
Screenshot is taken
]]></system-out>
  </testcase>
  <testcase name="LoginDDTTest[, demo](4)" classname="com.HrmManagement.TestCases.TC_TestCaseLoginDDT_002" time="5.87">
    <failure message="expected [true] but found [false]" type="java.lang.AssertionError"><![CDATA[java.lang.AssertionError: expected [true] but found [false]
	at com.HrmManagement.TestCases.TC_TestCaseLoginDDT_002.LoginDDTTest(TC_TestCaseLoginDDT_002.java:36)
]]></failure>
    <system-out><![CDATA[2024-11-12 12:11:553 INFO  HrmManagementProject:16 - URL is opened
2024-11-12 12:11:636 INFO  HrmManagementProject:21 - Entered the Username
2024-11-12 12:11:891 INFO  HrmManagementProject:24 - Entered the Password
Screenshot is taken
]]></system-out>
  </testcase>
  <testcase name="LoginDDTTest[john, ](5)" classname="com.HrmManagement.TestCases.TC_TestCaseLoginDDT_002" time="5.818">
    <failure message="expected [true] but found [false]" type="java.lang.AssertionError"><![CDATA[java.lang.AssertionError: expected [true] but found [false]
	at com.HrmManagement.TestCases.TC_TestCaseLoginDDT_002.LoginDDTTest(TC_TestCaseLoginDDT_002.java:36)
]]></failure>
    <system-out><![CDATA[2024-11-12 12:11:390 INFO  HrmManagementProject:16 - URL is opened
2024-11-12 12:11:491 INFO  HrmManagementProject:21 - Entered the Username
2024-11-12 12:11:677 INFO  HrmManagementProject:24 - Entered the Password
Screenshot is taken
]]></system-out>
  </testcase>
</testsuite>