<?xml version="1.0" encoding="UTF-8"?>
<testng-results ignored="0" total="1" passed="1" failed="0" skipped="0">
  <reporter-output>
  </reporter-output>
  <suite started-at="2024-11-11T11:46:27 IST" name="Default suite" finished-at="2024-11-11T11:46:47 IST" duration-ms="19602">
    <groups>
    </groups>
    <test started-at="2024-11-11T11:46:27 IST" name="Default test" finished-at="2024-11-11T11:46:47 IST" duration-ms="19602">
      <class name="com.HrmManagement.TestCases.TC_TestCaseRegister_002">
        <test-method is-config="true" signature="setup(java.lang.String)[pri:0, instance:com.HrmManagement.TestCases.TC_TestCaseRegister_002@17f62e33]" started-at="2024-11-11T11:46:27 IST" name="setup" finished-at="2024-11-11T11:46:30 IST" duration-ms="2757" status="PASS">
          <params>
            <param index="0">
              <value>
                <![CDATA[chrome]]>
              </value>
            </param>
          </params>
          <reporter-output>
          </reporter-output>
        </test-method> <!-- setup -->
        <test-method signature="registerTest()[pri:0, instance:com.HrmManagement.TestCases.TC_TestCaseRegister_002@17f62e33]" started-at="2024-11-11T11:46:30 IST" name="registerTest" finished-at="2024-11-11T11:46:46 IST" duration-ms="16454" status="PASS">
          <reporter-output>
          </reporter-output>
        </test-method> <!-- registerTest -->
        <test-method is-config="true" signature="tearDown()[pri:0, instance:com.HrmManagement.TestCases.TC_TestCaseRegister_002@17f62e33]" started-at="2024-11-11T11:46:46 IST" name="tearDown" finished-at="2024-11-11T11:46:47 IST" duration-ms="323" status="PASS">
          <reporter-output>
          </reporter-output>
        </test-method> <!-- tearDown -->
      </class> <!-- com.HrmManagement.TestCases.TC_TestCaseRegister_002 -->
    </test> <!-- Default test -->
  </suite> <!-- Default suite -->
</testng-results>
